
MacOS or linux terminal command to create your ssh tunnel:
ssh -L 9738:node027:9738 -N mbhargava@gypsum.cs.umass.edu
   
Use a Browser on your local machine to go to:
localhost:9738  (prefix w/ https:// if using password)

[I 21:11:09.115 NotebookApp] Serving notebooks from local directory: /home/mbhargava/MapTextRecognition/mudit-torch-phoc/torch-phoc/src
[I 21:11:09.116 NotebookApp] The Jupyter Notebook is running at:
[I 21:11:09.116 NotebookApp] http://node027:9738/
[I 21:11:09.116 NotebookApp] Use Control-C to stop this server and shut down all kernels (twice to skip confirmation).
[I 21:11:43.900 NotebookApp] 302 GET / (10.141.255.254) 1.20ms
[I 21:11:43.910 NotebookApp] 302 GET /tree? (10.141.255.254) 1.55ms
[I 21:11:48.881 NotebookApp] 302 POST /login?next=%2Ftree%3F (10.141.255.254) 3.64ms
[I 21:12:06.236 NotebookApp] Kernel started: 99949b99-dffd-4bf4-a9b3-783126597642
[I 21:12:07.510 NotebookApp] Adapting to protocol v5.1 for kernel 99949b99-dffd-4bf4-a9b3-783126597642
[I 21:14:07.041 NotebookApp] Saving file at /images_to_extend.ipynb
[I 21:15:49.521 NotebookApp] Saving file at /images_to_extend.ipynb
[I 21:16:07.059 NotebookApp] Saving file at /images_to_extend.ipynb
[I 21:17:10.903 NotebookApp] Saving file at /images_to_extend.ipynb
[I 21:17:19.150 NotebookApp] Saving file at /images_to_extend.ipynb
[I 21:18:06.917 NotebookApp] Saving file at /images_to_extend.ipynb
[I 21:18:17.188 NotebookApp] Saving file at /images_to_extend.ipynb
[I 21:22:06.906 NotebookApp] Saving file at /images_to_extend.ipynb
[I 21:24:06.916 NotebookApp] Saving file at /images_to_extend.ipynb
[I 21:26:06.920 NotebookApp] Saving file at /images_to_extend.ipynb
[I 21:27:21.086 NotebookApp] Saving file at /images_to_extend.ipynb
[I 21:28:06.896 NotebookApp] Saving file at /images_to_extend.ipynb
[I 21:28:43.856 NotebookApp] Saving file at /images_to_extend.ipynb
[I 21:29:01.011 NotebookApp] Saving file at /images_to_extend.ipynb
[I 21:29:10.042 NotebookApp] Saving file at /images_to_extend.ipynb
[I 21:30:06.923 NotebookApp] Saving file at /images_to_extend.ipynb
[I 21:30:48.553 NotebookApp] Saving file at /images_to_extend.ipynb
[I 21:30:50.647 NotebookApp] Saving file at /images_to_extend.ipynb
[I 21:31:45.980 NotebookApp] Saving file at /images_to_extend.ipynb
[I 21:32:06.746 NotebookApp] Saving file at /images_to_extend.ipynb
[I 21:34:06.881 NotebookApp] Saving file at /images_to_extend.ipynb
[I 21:38:31.675 NotebookApp] Saving file at /images_to_extend.ipynb
[I 21:39:08.138 NotebookApp] Saving file at /images_to_extend.ipynb
[I 21:39:21.648 NotebookApp] Saving file at /images_to_extend.ipynb
[I 21:40:07.090 NotebookApp] Saving file at /images_to_extend.ipynb
[I 21:40:51.421 NotebookApp] Saving file at /images_to_extend.ipynb
[I 21:41:56.623 NotebookApp] Saving file at /images_to_extend.ipynb
[I 21:42:06.857 NotebookApp] Saving file at /images_to_extend.ipynb
[I 21:44:10.396 NotebookApp] Saving file at /images_to_extend.ipynb
[W 21:58:07.514 NotebookApp] WebSocket ping timeout after 119994 ms.
[I 21:58:12.516 NotebookApp] Starting buffering for 99949b99-dffd-4bf4-a9b3-783126597642:3483bae2b7f948bea90698e6e8d583e4
slurmstepd: error: *** JOB 4140682 ON node027 CANCELLED AT 2018-09-30T01:11:05 DUE TO TIME LIMIT ***
